<?xml version="1.0" encoding="UTF-8"?>
<testsuite name="runners.TestRunner" time="22.687" tests="1" errors="0" skipped="0" failures="1">
  <properties>
[...]
</properties>
  <testcase name="Check the typing of keyword" classname="To type a keyword in Google website" time="22.687">
    <failure message="expected:&lt;[cucumbe]&gt; but was:&lt;[Cucumber]&gt;" type="junit.framework.ComparisonFailure"><![CDATA[junit.framework.ComparisonFailure: expected:<[cucumbe]> but was:<[Cucumber]>
	at junit.framework.Assert.assertEquals(Assert.java:100)
	at junit.framework.Assert.assertEquals(Assert.java:107)
	at steps.seleniumSteps.we_validate_the(seleniumSteps.java:91)
	at ✽.We validate the "cucumbe"(file:src/test/resources/features/Selenium.feature:7)
]]></failure>
    <system-out><![CDATA[cucumbe
]]></system-out>
    <system-err><![CDATA[Starting ChromeDriver 87.0.4280.88 (89e2380a3e36c3464b5dd1302349b1382549290d-refs/branch-heads/4280@{#1761}) on port 2336
Only local connections are allowed.
Please see https://chromedriver.chromium.org/security-considerations for suggestions on keeping ChromeDriver safe.
ChromeDriver was started successfully.
Dec 03, 2020 12:55:13 PM org.openqa.selenium.remote.ProtocolHandshake createSession
INFO: Detected dialect: W3C
]]></system-err>
  </testcase>
</testsuite>